<?xml version="1.0" encoding="UTF-8"?>
<testng-results ignored="0" total="2" passed="2" failed="0" skipped="0">
  <reporter-output>
  </reporter-output>
  <suite started-at="2023-01-02T10:50:46Z" name="Default suite" finished-at="2023-01-02T10:52:00Z" duration-ms="73852">
    <groups>
    </groups>
    <test started-at="2023-01-02T10:50:46Z" name="Default test" finished-at="2023-01-02T10:52:00Z" duration-ms="73852">
      <class name="Tests.userLoginTestAndAddProductTest">
        <test-method is-config="true" signature="setupClass(java.lang.String)[pri:0, instance:Tests.userLoginTestAndAddProductTest@609db546]" started-at="2023-01-02T10:50:46Z" name="setupClass" finished-at="2023-01-02T10:50:48Z" duration-ms="2130" status="PASS">
          <params>
            <param index="0">
              <value>
                <![CDATA[chrome]]>
              </value>
            </param>
          </params>
          <reporter-output>
          </reporter-output>
        </test-method> <!-- setupClass -->
        <test-method is-config="true" signature="setupTest()[pri:0, instance:Tests.userLoginTestAndAddProductTest@609db546]" started-at="2023-01-02T10:50:48Z" name="setupTest" finished-at="2023-01-02T10:50:52Z" duration-ms="4299" status="PASS">
          <reporter-output>
          </reporter-output>
        </test-method> <!-- setupTest -->
        <test-method signature="login_success()[pri:1, instance:Tests.userLoginTestAndAddProductTest@609db546]" started-at="2023-01-02T10:50:52Z" name="login_success" finished-at="2023-01-02T10:50:52Z" duration-ms="185" status="PASS">
          <reporter-output>
          </reporter-output>
        </test-method> <!-- login_success -->
        <test-method signature="AddProduct()[pri:2, instance:Tests.userLoginTestAndAddProductTest@609db546]" started-at="2023-01-02T10:50:52Z" name="AddProduct" finished-at="2023-01-02T10:52:00Z" duration-ms="67228" status="PASS">
          <reporter-output>
          </reporter-output>
        </test-method> <!-- AddProduct -->
      </class> <!-- Tests.userLoginTestAndAddProductTest -->
    </test> <!-- Default test -->
  </suite> <!-- Default suite -->
</testng-results>
